GowinSynthesis start
Running parser ...
Analyzing Verilog file 'C:\Users\adell\Documents\fpga_project_5\src\gomulu_odevi.v'
Compiling module 'traffic_signal'("C:\Users\adell\Documents\fpga_project_5\src\gomulu_odevi.v":1)
WARN  (EX3791) : Expression size 9 truncated to fit in target size 8("C:\Users\adell\Documents\fpga_project_5\src\gomulu_odevi.v":60)
WARN  (EX2629) : Delay control is not supported for synthesis("C:\Users\adell\Documents\fpga_project_5\src\gomulu_odevi.v":60)
WARN  (EX3791) : Expression size 9 truncated to fit in target size 8("C:\Users\adell\Documents\fpga_project_5\src\gomulu_odevi.v":61)
WARN  (EX2629) : Delay control is not supported for synthesis("C:\Users\adell\Documents\fpga_project_5\src\gomulu_odevi.v":61)
WARN  (EX3791) : Expression size 9 truncated to fit in target size 8("C:\Users\adell\Documents\fpga_project_5\src\gomulu_odevi.v":62)
WARN  (EX2629) : Delay control is not supported for synthesis("C:\Users\adell\Documents\fpga_project_5\src\gomulu_odevi.v":62)
WARN  (EX3791) : Expression size 9 truncated to fit in target size 8("C:\Users\adell\Documents\fpga_project_5\src\gomulu_odevi.v":63)
WARN  (EX2629) : Delay control is not supported for synthesis("C:\Users\adell\Documents\fpga_project_5\src\gomulu_odevi.v":63)
NOTE  (EX0101) : Current top module is "traffic_signal"
[5%] Running netlist conversion ...
Running device independent optimization ...
[10%] Optimizing Phase 0 completed
[15%] Optimizing Phase 1 completed
[25%] Optimizing Phase 2 completed
Running inference ...
[30%] Inferring Phase 0 completed
[40%] Inferring Phase 1 completed
[50%] Inferring Phase 2 completed
[55%] Inferring Phase 3 completed
Running technical mapping ...
[60%] Tech-Mapping Phase 0 completed
[65%] Tech-Mapping Phase 1 completed
[75%] Tech-Mapping Phase 2 completed
[80%] Tech-Mapping Phase 3 completed
[90%] Tech-Mapping Phase 4 completed
[95%] Generate netlist file "C:\Users\adell\Documents\fpga_project_5\impl\gwsynthesis\fpga_project_5.vg" completed
[100%] Generate report file "C:\Users\adell\Documents\fpga_project_5\impl\gwsynthesis\fpga_project_5_syn.rpt.html" completed
GowinSynthesis finish
